#	David McHugh

Scientists rescued a mouse immune system.

(TOP
  (X8
    (NP Scientists)
    (VP
      (VBD rescued)
      (NP
        (Det a)
        (Nom
          (Nom mouse)
          (Nom
            (ADJP immune)
            (Nom system))))))
  (PUNC .))

1

Will this work in humans?

(TOP
  (X14
    (X10
      (MD Will)
      (NP this))
    (VP
      (VB work)
      (PP
        (Prep in)
        (NP humans))))
  (X1 ?))

1

They published their research today online.

(TOP
  (X8
    (NP They)
    (VP
      (VP
        (VBD published)
        (NP
          (PossPro their)
          (Nom research)))
      (ADVP
        (Adv today)
        (ADVP online))))
  (PUNC .))

(TOP
  (X8
    (NP They)
    (VP
      (VP
        (VP
          (VBD published)
          (NP
            (PossPro their)
            (Nom research)))
        (ADVP today))
      (ADVP online)))
  (PUNC .))

2

The immune response is alerted by dendritic cells.

(TOP
  (X8
    (NP
      (Det The)
      (Nom
        (ADJP immune)
        (Nom response)))
    (VP
      (AUX is)
      (VP
        (VBN alerted)
        (PP
          (Prep by)
          (NP
            (ADJP dendritic)
            (Nom cells))))))
  (PUNC .))

1

They capture infected cells and display fragments of the pathogen.

(TOP
  (X8
    (NP They)
    (VP
      (X5
        (VP
          (VBP capture)
          (NP
            (ADJP infected)
            (Nom cells)))
        (Conj and))
      (VP
        (VBP display)
        (NP
          (Nom fragments)
          (PP
            (Prep of)
            (NP
              (Det the)
              (Nom pathogen)))))))
  (PUNC .))

1

Dr Jose Villadangos is a researcher of the immune system.

(TOP
  (X8
    (NP
      (Nom Dr)
      (Nom
        (Nom Jose)
        (Nom Villadangos)))
    (VP
      (VBZ is)
      (NP
        (Det a)
        (Nom
          (Nom researcher)
          (PP
            (Prep of)
            (NP
              (Det the)
              (Nom
                (ADJP immune)
                (Nom system))))))))
  (PUNC .))

(TOP
  (X8
    (NP
      (Nom
        (Nom Dr)
        (Nom Jose))
      (Nom Villadangos))
    (VP
      (VBZ is)
      (NP
        (Det a)
        (Nom
          (Nom researcher)
          (PP
            (Prep of)
            (NP
              (Det the)
              (Nom
                (ADJP immune)
                (Nom system))))))))
  (PUNC .))

2

Systemic infections overstimulate dendritic cells. 

(TOP
  (X8
    (NP
      (ADJP Systemic)
      (Nom infections))
    (VP
      (VBP overstimulate)
      (NP
        (ADJP dendritic)
        (Nom cells))))
  (PUNC .))

1

A new type of vaccine?

(TOP
  (NP
    (Det A)
    (Nom
      (ADJP new)
      (Nom
        (Nom type)
        (PP
          (Prep of)
          (NP vaccine)))))
  (PUNC ?))

(TOP
  (NP
    (Det A)
    (Nom
      (Nom
        (ADJP new)
        (Nom type))
      (PP
        (Prep of)
        (NP vaccine))))
  (PUNC ?))

2

They injected them with a live vaccine.

(TOP
  (X8
    (NP They)
    (VP
      (X6
        (VBD injected)
        (NP them))
      (PP
        (Prep with)
        (NP
          (Det a)
          (Nom
            (ADJP live)
            (Nom vaccine))))))
  (PUNC .))

1

The vaccine was made of dendritic cells.

(TOP
  (X8
    (NP
      (Det The)
      (Nom vaccine))
    (VP
      (AUX was)
      (VP
        (VBN made)
        (PP
          (Prep of)
          (NP
            (ADJP dendritic)
            (Nom cells))))))
  (PUNC .))

1

They restored immunity in mice with a weak immune system.

(TOP
  (X8
    (NP They)
    (VP
      (VBD restored)
      (NP
        (Nom immunity)
        (PP
          (Prep in)
          (NP
            (Nom mice)
            (PP
              (Prep with)
              (NP
                (Det a)
                (Nom
                  (ADJP weak)
                  (Nom
                    (ADJP immune)
                    (Nom system))))))))))
  (PUNC .))

(TOP
  (X8
    (NP They)
    (VP
      (VBD restored)
      (NP
        (Nom immunity)
        (PP
          (Prep in)
          (NP
            (Nom mice)
            (PP
              (Prep with)
              (NP
                (Det a)
                (Nom
                  (ADJP
                    (Adj weak)
                    (ADJP immune))
                  (Nom system)))))))))
  (PUNC .))

(TOP
  (X8
    (NP They)
    (VP
      (VBD restored)
      (NP
        (Nom
          (Nom immunity)
          (PP
            (Prep in)
            (NP mice)))
        (PP
          (Prep with)
          (NP
            (Det a)
            (Nom
              (ADJP weak)
              (Nom
                (ADJP immune)
                (Nom system))))))))
  (PUNC .))

(TOP
  (X8
    (NP They)
    (VP
      (VBD restored)
      (NP
        (Nom
          (Nom immunity)
          (PP
            (Prep in)
            (NP mice)))
        (PP
          (Prep with)
          (NP
            (Det a)
            (Nom
              (ADJP
                (Adj weak)
                (ADJP immune))
              (Nom system)))))))
  (PUNC .))

(TOP
  (X8
    (NP They)
    (VP
      (X6
        (VBD restored)
        (NP immunity))
      (PP
        (Prep in)
        (NP
          (Nom mice)
          (PP
            (Prep with)
            (NP
              (Det a)
              (Nom
                (ADJP weak)
                (Nom
                  (ADJP immune)
                  (Nom system)))))))))
  (PUNC .))

(TOP
  (X8
    (NP They)
    (VP
      (X6
        (VBD restored)
        (NP immunity))
      (PP
        (Prep in)
        (NP
          (Nom mice)
          (PP
            (Prep with)
            (NP
              (Det a)
              (Nom
                (ADJP
                  (Adj weak)
                  (ADJP immune))
                (Nom system))))))))
  (PUNC .))

(TOP
  (X8
    (NP They)
    (VP
      (X6
        (VBD restored)
        (NP
          (Nom immunity)
          (PP
            (Prep in)
            (NP mice))))
      (PP
        (Prep with)
        (NP
          (Det a)
          (Nom
            (ADJP weak)
            (Nom
              (ADJP immune)
              (Nom system)))))))
  (PUNC .))

(TOP
  (X8
    (NP They)
    (VP
      (X6
        (VBD restored)
        (NP
          (Nom immunity)
          (PP
            (Prep in)
            (NP mice))))
      (PP
        (Prep with)
        (NP
          (Det a)
          (Nom
            (ADJP
              (Adj weak)
              (ADJP immune))
            (Nom system))))))
  (PUNC .))

8

Their immune system was compromised by sepsis.

(TOP
  (X8
    (NP
      (PossPro Their)
      (Nom
        (ADJP immune)
        (Nom system)))
    (VP
      (AUX was)
      (VP
        (VBN compromised)
        (PP
          (Prep by)
          (NP sepsis)))))
  (PUNC .))

1

In the case of infections, cells alert the immune system.

(TOP
  (X13
    (X9
      (PP
        (Prep In)
        (NP
          (Det the)
          (Nom
            (Nom case)
            (PP
              (Prep of)
              (NP infections)))))
      (COM ,))
    (S
      (NP cells)
      (VP
        (VBP alert)
        (NP
          (Det the)
          (Nom
            (ADJP immune)
            (Nom system))))))
  (PUNC .))

1

The immune system shuts down.

(TOP
  (X8
    (NP
      (Det The)
      (Nom
        (ADJP immune)
        (Nom system)))
    (VP
      (VBZ shuts)
      (RP down)))
  (PUNC .))

1

Scientists have discovered that malaria invades the whole body.

(TOP
  (NP Scientists)
  (VP
    (AUX have)
    (VP
      (VBN discovered)
      (SBAR
        (THAT that)
        (S
          (X3
            (NP malaria)
            (VP
              (VBZ invades)
              (NP
                (Det the)
                (Nom
                  (ADJP whole)
                  (Nom body)))))
          (PUNC .))))))

(TOP
  (X8
    (NP Scientists)
    (VP
      (AUX have)
      (VP
        (VBN discovered)
        (SBAR
          (THAT that)
          (S
            (NP malaria)
            (VP
              (VBZ invades)
              (NP
                (Det the)
                (Nom
                  (ADJP whole)
                  (Nom body)))))))))
  (PUNC .))

2

1.73333333333
